#
# There is insufficient memory for the Java Runtime Environment to continue.
# Native memory allocation (malloc) failed to allocate 32744 bytes for ChunkPool::allocate
# Possible reasons:
#   The system is out of physical RAM or swap space
#   In 32 bit mode, the process size limit was hit
# Possible solutions:
#   Reduce memory load on the system
#   Increase physical memory or swap space
#   Check if swap backing store is full
#   Use 64 bit Java on a 64 bit OS
#   Decrease Java heap size (-Xmx/-Xms)
#   Decrease number of Java threads
#   Decrease Java thread stack sizes (-Xss)
#   Set larger code cache with -XX:ReservedCodeCacheSize=
# This output file may be truncated or incomplete.
#
#  Out of Memory Error (allocation.cpp:273), pid=9192, tid=0x0000000000001cf4
#
# JRE version: Java(TM) SE Runtime Environment (8.0_131-b11) (build 1.8.0_131-b11)
# Java VM: Java HotSpot(TM) 64-Bit Server VM (25.131-b11 mixed mode windows-amd64 compressed oops)
# Failed to write core dump. Minidumps are not enabled by default on client versions of Windows
#

---------------  T H R E A D  ---------------

Current thread (0x0000000054cf4000):  JavaThread "C2 CompilerThread0" daemon [_thread_in_native, id=7412, stack(0x00000000554e0000,0x00000000555e0000)]

Stack: [0x00000000554e0000,0x00000000555e0000]
[error occurred during error reporting (printing stack bounds), id 0xc0000005]

Native frames: (J=compiled Java code, j=interpreted, Vv=VM code, C=native code)


Current CompileTask:
C2: 159554 6406   !   4       java.util.concurrent.ConcurrentHashMap::transfer (832 bytes)


---------------  P R O C E S S  ---------------

Java Threads: ( => current thread )
  0x00000000623e0800 JavaThread "DiscoveryClient-HeartbeatExecutor-0" daemon [_thread_blocked, id=8824, stack(0x0000000065550000,0x0000000065650000)]
  0x00000000623e0000 JavaThread "DiscoveryClient-CacheRefreshExecutor-0" daemon [_thread_blocked, id=3216, stack(0x0000000064f00000,0x0000000065000000)]
  0x00000000623df000 JavaThread "DestroyJavaVM" [_thread_blocked, id=8524, stack(0x0000000002350000,0x0000000002450000)]
  0x00000000623de800 JavaThread "http-nio-8080-AsyncTimeout" daemon [_thread_blocked, id=448, stack(0x0000000063aa0000,0x0000000063ba0000)]
  0x000000005a41a800 JavaThread "http-nio-8080-Acceptor-0" daemon [_thread_in_native, id=8464, stack(0x0000000065450000,0x0000000065550000)]
  0x000000005a41a000 JavaThread "http-nio-8080-ClientPoller-1" daemon [_thread_in_native, id=1648, stack(0x0000000065260000,0x0000000065360000)]
  0x000000005a419000 JavaThread "http-nio-8080-ClientPoller-0" daemon [_thread_in_native, id=5924, stack(0x0000000064cb0000,0x0000000064db0000)]
  0x000000005a418800 JavaThread "http-nio-8080-exec-10" daemon [_thread_blocked, id=2352, stack(0x0000000065040000,0x0000000065140000)]
  0x000000005a417800 JavaThread "http-nio-8080-exec-9" daemon [_thread_blocked, id=7864, stack(0x0000000064df0000,0x0000000064ef0000)]
  0x0000000059895000 JavaThread "http-nio-8080-exec-8" daemon [_thread_blocked, id=5636, stack(0x0000000064b90000,0x0000000064c90000)]
  0x0000000059894800 JavaThread "http-nio-8080-exec-7" daemon [_thread_blocked, id=10068, stack(0x0000000064a60000,0x0000000064b60000)]
  0x0000000059893800 JavaThread "http-nio-8080-exec-6" daemon [_thread_blocked, id=10036, stack(0x0000000064860000,0x0000000064960000)]
  0x0000000059893000 JavaThread "http-nio-8080-exec-5" daemon [_thread_blocked, id=3916, stack(0x0000000064710000,0x0000000064810000)]
  0x0000000059892000 JavaThread "http-nio-8080-exec-4" daemon [_thread_blocked, id=8300, stack(0x00000000550d0000,0x00000000551d0000)]
  0x0000000059891800 JavaThread "http-nio-8080-exec-3" daemon [_thread_blocked, id=6680, stack(0x00000000645b0000,0x00000000646b0000)]
  0x0000000059890800 JavaThread "http-nio-8080-exec-2" daemon [_thread_blocked, id=9260, stack(0x00000000636c0000,0x00000000637c0000)]
  0x0000000059890000 JavaThread "http-nio-8080-exec-1" daemon [_thread_blocked, id=4040, stack(0x0000000064400000,0x0000000064500000)]
  0x000000005988f000 JavaThread "NioBlockingSelector.BlockPoller-1" daemon [_thread_in_native, id=5332, stack(0x00000000642b0000,0x00000000643b0000)]
  0x000000005988e800 JavaThread "DiscoveryClient-InstanceInfoReplicator-0" daemon [_thread_blocked, id=8072, stack(0x0000000063cc0000,0x0000000063dc0000)]
  0x000000005638d800 JavaThread "DiscoveryClient-1" daemon [_thread_blocked, id=2736, stack(0x0000000063840000,0x0000000063940000)]
  0x000000005638c800 JavaThread "DiscoveryClient-0" daemon [_thread_blocked, id=7224, stack(0x0000000063ba0000,0x0000000063ca0000)]
  0x000000005638c000 JavaThread "AsyncResolver-bootstrap-0" daemon [_thread_blocked, id=6244, stack(0x0000000063990000,0x0000000063a90000)]
  0x000000005638b000 JavaThread "Eureka-JerseyClient-Conn-Cleaner2" daemon [_thread_blocked, id=3160, stack(0x00000000635b0000,0x00000000636b0000)]
  0x000000005638a800 JavaThread "spring.cloud.inetutils" daemon [_thread_blocked, id=8368, stack(0x00000000620f0000,0x00000000621f0000)]
  0x0000000056389000 JavaThread "DiscoveryClient-1" daemon [_thread_blocked, id=9964, stack(0x00000000618a0000,0x00000000619a0000)]
  0x0000000056388000 JavaThread "DiscoveryClient-CacheRefreshExecutor-0" daemon [_thread_blocked, id=6360, stack(0x00000000619c0000,0x0000000061ac0000)]
  0x0000000056387800 JavaThread "DiscoveryClient-1" daemon [_thread_blocked, id=6508, stack(0x0000000061730000,0x0000000061830000)]
  0x0000000056386800 JavaThread "DiscoveryClient-CacheRefreshExecutor-0" daemon [_thread_blocked, id=6028, stack(0x000000005ef10000,0x000000005f010000)]
  0x0000000058e28000 JavaThread "DiscoveryClient-1" daemon [_thread_blocked, id=7496, stack(0x000000005e930000,0x000000005ea30000)]
  0x0000000058e27800 JavaThread "DiscoveryClient-CacheRefreshExecutor-0" daemon [_thread_blocked, id=8316, stack(0x000000005ebb0000,0x000000005ecb0000)]
  0x0000000058e26800 JavaThread "NettyClientSelector_RMROLE_1" daemon [_thread_in_native, id=7396, stack(0x000000005f010000,0x000000005f110000)]
  0x0000000058e26000 JavaThread "NettyClientSelector_TMROLE_1" daemon [_thread_in_native, id=7256, stack(0x000000005ed70000,0x000000005ee70000)]
  0x0000000058e25000 JavaThread "DiscoveryClient-0" daemon [_thread_blocked, id=5124, stack(0x000000005eaa0000,0x000000005eba0000)]
  0x0000000058e24800 JavaThread "AsyncResolver-bootstrap-0" daemon [_thread_blocked, id=8420, stack(0x000000005e580000,0x000000005e680000)]
  0x0000000058e23800 JavaThread "Eureka-JerseyClient-Conn-Cleaner2" daemon [_thread_blocked, id=8740, stack(0x00000000553e0000,0x00000000554e0000)]
  0x0000000058e22000 JavaThread "DiscoveryClient-0" daemon [_thread_blocked, id=7776, stack(0x000000005e810000,0x000000005e910000)]
  0x0000000058e21800 JavaThread "AsyncResolver-bootstrap-0" daemon [_thread_blocked, id=7856, stack(0x000000005e680000,0x000000005e780000)]
  0x0000000056133800 JavaThread "Eureka-JerseyClient-Conn-Cleaner2" daemon [_thread_blocked, id=5868, stack(0x000000005e400000,0x000000005e500000)]
  0x0000000056132800 JavaThread "DiscoveryClient-0" daemon [_thread_blocked, id=10172, stack(0x000000005e040000,0x000000005e140000)]
  0x0000000056132000 JavaThread "AsyncResolver-bootstrap-0" daemon [_thread_blocked, id=6188, stack(0x000000005dea0000,0x000000005dfa0000)]
  0x0000000056131000 JavaThread "Eureka-JerseyClient-Conn-Cleaner2" daemon [_thread_blocked, id=9916, stack(0x000000005dad0000,0x000000005dbd0000)]
  0x0000000056130800 JavaThread "Druid-ConnectionPool-Destroy-812609309" daemon [_thread_blocked, id=10040, stack(0x000000005d530000,0x000000005d630000)]
  0x000000005612f800 JavaThread "Druid-ConnectionPool-Create-812609309" daemon [_thread_blocked, id=8864, stack(0x000000005d390000,0x000000005d490000)]
  0x000000005612f000 JavaThread "mysql-cj-abandoned-connection-cleanup" daemon [_thread_blocked, id=6496, stack(0x000000005cf00000,0x000000005d000000)]
  0x000000005612e000 JavaThread "container-0" [_thread_blocked, id=5876, stack(0x000000005cde0000,0x000000005cee0000)]
  0x000000005612d800 JavaThread "ContainerBackgroundProcessor[StandardEngine[Tomcat]]" daemon [_thread_blocked, id=8736, stack(0x000000005cc90000,0x000000005cd90000)]
  0x000000005612c800 JavaThread "rpcMergeMessageSend_RMROLE_1" daemon [_thread_blocked, id=5840, stack(0x000000005b3a0000,0x000000005b4a0000)]
  0x0000000059cd0800 JavaThread "timeoutChecker_1" daemon [_thread_blocked, id=8916, stack(0x00000000559b0000,0x0000000055ab0000)]
  0x0000000059cd0000 JavaThread "AsyncWorker_1" daemon [_thread_blocked, id=5488, stack(0x00000000577b0000,0x00000000578b0000)]
  0x0000000054d52000 JavaThread "rpcMergeMessageSend_TMROLE_1" daemon [_thread_blocked, id=8628, stack(0x0000000057e30000,0x0000000057f30000)]
  0x00000000580c4000 JavaThread "timeoutChecker_1" daemon [_thread_blocked, id=6444, stack(0x000000005ad70000,0x000000005ae70000)]
  0x00000000565e6000 JavaThread "configOperate_1_2" daemon [_thread_blocked, id=9792, stack(0x000000005b240000,0x000000005b340000)]
  0x0000000054f5d000 JavaThread "configChange_1" daemon [_thread_blocked, id=3808, stack(0x000000005b140000,0x000000005b240000)]
  0x000000005a325000 JavaThread "configOperate_1_2" daemon [_thread_blocked, id=9992, stack(0x000000005b030000,0x000000005b130000)]
  0x00000000562ea800 JavaThread "configChange_1" daemon [_thread_blocked, id=8480, stack(0x000000005ae90000,0x000000005af90000)]
  0x0000000054d8f000 JavaThread "Service Thread" daemon [_thread_blocked, id=5880, stack(0x00000000558b0000,0x00000000559b0000)]
  0x0000000054cfb800 JavaThread "C1 CompilerThread2" daemon [_thread_blocked, id=8056, stack(0x0000000055640000,0x0000000055740000)]
  0x0000000054cf9800 JavaThread "C2 CompilerThread1" daemon [_thread_blocked, id=2776, stack(0x0000000054a50000,0x0000000054b50000)]
=>0x0000000054cf4000 JavaThread "C2 CompilerThread0" daemon [_thread_in_native, id=7412, stack(0x00000000554e0000,0x00000000555e0000)]
  0x0000000054ce2800 JavaThread "Attach Listener" daemon [_thread_blocked, id=7112, stack(0x00000000552e0000,0x00000000553e0000)]
  0x0000000053714000 JavaThread "Signal Dispatcher" daemon [_thread_blocked, id=1968, stack(0x00000000551d0000,0x00000000552d0000)]
  0x00000000536ff800 JavaThread "Finalizer" daemon [_thread_blocked, id=5180, stack(0x0000000054bd0000,0x0000000054cd0000)]
  0x00000000536b8000 JavaThread "Reference Handler" daemon [_thread_blocked, id=9788, stack(0x0000000054940000,0x0000000054a40000)]

Other Threads:
  0x00000000536b0800 VMThread [stack: 0x00000000547e0000,0x00000000548e0000] [id=9204]
  0x0000000054daa000 WatcherThread [stack: 0x0000000055ab0000,0x0000000055bb0000] [id=5736]

VM state:not at safepoint (normal execution)

VM Mutex/Monitor currently owned by a thread: None

Heap:
 PSYoungGen      total 138240K, used 44199K [0x00000000f6300000, 0x00000000ffe00000, 0x0000000100000000)
  eden space 120832K, 28% used [0x00000000f6300000,0x00000000f8476620,0x00000000fd900000)
  from space 17408K, 57% used [0x00000000fed00000,0x00000000ff6b3900,0x00000000ffe00000)
  to   space 18944K, 0% used [0x00000000fd900000,0x00000000fd900000,0x00000000feb80000)
 ParOldGen       total 67072K, used 32628K [0x00000000e2800000, 0x00000000e6980000, 0x00000000f6300000)
  object space 67072K, 48% used [0x00000000e2800000,0x00000000e47dd2d0,0x00000000e6980000)
 Metaspace       used 70587K, capacity 72764K, committed 72856K, reserved 1112064K
  class space    used 9244K, capacity 9614K, committed 9632K, reserved 1048576K

Card table byte_map: [0x00000000021e0000,0x00000000022d0000] byte_map_base: 0x0000000001acc000

Marking Bits: (ParMarkBitMap*) 0x000000006f34c720
 Begin Bits: [0x0000000011e60000, 0x00000000125c0000)
 End Bits:   [0x00000000125c0000, 0x0000000012d20000)

Polling page: 0x0000000000100000

CodeCache: size=245760Kb used=18148Kb max_used=18359Kb free=227611Kb
 bounds [0x0000000002450000, 0x0000000003660000, 0x0000000011450000]
 total_blobs=6078 nmethods=5496 adapters=493
 compilation: enabled

Compilation events (10 events):
Event: 155.672 Thread 0x0000000054cfb800 nmethod 6401 0x0000000002c99190 code [0x0000000002c99300, 0x0000000002c995c8]
Event: 157.825 Thread 0x0000000054cfb800 6402       1       org.apache.tomcat.util.net.AbstractEndpoint::isPaused (5 bytes)
Event: 157.825 Thread 0x0000000054cfb800 nmethod 6402 0x0000000002c98ed0 code [0x0000000002c99020, 0x0000000002c99130]
Event: 158.824 Thread 0x0000000054cfb800 6403       3       org.apache.tomcat.util.net.NioEndpoint::access$300 (5 bytes)
Event: 158.825 Thread 0x0000000054cfb800 nmethod 6403 0x0000000002c98b90 code [0x0000000002c98ce0, 0x0000000002c98e10]
Event: 158.949 Thread 0x0000000054cfb800 6404       3       com.fasterxml.jackson.core.sym.ByteQuadsCanonicalizer::_findSecondary (170 bytes)
Event: 158.950 Thread 0x0000000054cfb800 nmethod 6404 0x0000000002d76310 code [0x0000000002d764c0, 0x0000000002d76ad0]
Event: 158.950 Thread 0x0000000054cfb800 6405       3       java.net.InetAddress::getByName (7 bytes)
Event: 158.951 Thread 0x0000000054cfb800 nmethod 6405 0x0000000002d75e90 code [0x0000000002d76000, 0x0000000002d761e8]
Event: 159.272 Thread 0x0000000054cf4000 6406   !   4       java.util.concurrent.ConcurrentHashMap::transfer (832 bytes)

GC Heap History (10 events):
Event: 19.514 GC heap before
{Heap before GC invocations=13 (full 2):
 PSYoungGen      total 132096K, used 130134K [0x00000000f6300000, 0x00000000ff200000, 0x0000000100000000)
  eden space 121856K, 100% used [0x00000000f6300000,0x00000000fda00000,0x00000000fda00000)
  from space 10240K, 80% used [0x00000000fe800000,0x00000000ff015bf8,0x00000000ff200000)
  to   space 12288K, 0% used [0x00000000fda00000,0x00000000fda00000,0x00000000fe600000)
 ParOldGen       total 42496K, used 17629K [0x00000000e2800000, 0x00000000e5180000, 0x00000000f6300000)
  object space 42496K, 41% used [0x00000000e2800000,0x00000000e3937408,0x00000000e5180000)
 Metaspace       used 49463K, capacity 51010K, committed 51368K, reserved 1093632K
  class space    used 6270K, capacity 6565K, committed 6576K, reserved 1048576K
Event: 19.549 GC heap after
Heap after GC invocations=13 (full 2):
 PSYoungGen      total 134144K, used 12277K [0x00000000f6300000, 0x0000000100000000, 0x0000000100000000)
  eden space 121856K, 0% used [0x00000000f6300000,0x00000000f6300000,0x00000000fda00000)
  from space 12288K, 99% used [0x00000000fda00000,0x00000000fe5fd510,0x00000000fe600000)
  to   space 16384K, 0% used [0x00000000ff000000,0x00000000ff000000,0x0000000100000000)
 ParOldGen       total 42496K, used 23756K [0x00000000e2800000, 0x00000000e5180000, 0x00000000f6300000)
  object space 42496K, 55% used [0x00000000e2800000,0x00000000e3f332f0,0x00000000e5180000)
 Metaspace       used 49463K, capacity 51010K, committed 51368K, reserved 1093632K
  class space    used 6270K, capacity 6565K, committed 6576K, reserved 1048576K
}
Event: 24.040 GC heap before
{Heap before GC invocations=14 (full 2):
 PSYoungGen      total 134144K, used 134133K [0x00000000f6300000, 0x0000000100000000, 0x0000000100000000)
  eden space 121856K, 100% used [0x00000000f6300000,0x00000000fda00000,0x00000000fda00000)
  from space 12288K, 99% used [0x00000000fda00000,0x00000000fe5fd510,0x00000000fe600000)
  to   space 16384K, 0% used [0x00000000ff000000,0x00000000ff000000,0x0000000100000000)
 ParOldGen       total 42496K, used 23756K [0x00000000e2800000, 0x00000000e5180000, 0x00000000f6300000)
  object space 42496K, 55% used [0x00000000e2800000,0x00000000e3f332f0,0x00000000e5180000)
 Metaspace       used 57153K, capacity 58768K, committed 59160K, reserved 1101824K
  class space    used 7319K, capacity 7620K, committed 7712K, reserved 1048576K
Event: 24.070 GC heap after
Heap after GC invocations=14 (full 2):
 PSYoungGen      total 136192K, used 16371K [0x00000000f6300000, 0x0000000100000000, 0x0000000100000000)
  eden space 119808K, 0% used [0x00000000f6300000,0x00000000f6300000,0x00000000fd800000)
  from space 16384K, 99% used [0x00000000ff000000,0x00000000ffffcc98,0x0000000100000000)
  to   space 20480K, 0% used [0x00000000fd800000,0x00000000fd800000,0x00000000fec00000)
 ParOldGen       total 42496K, used 27692K [0x00000000e2800000, 0x00000000e5180000, 0x00000000f6300000)
  object space 42496K, 65% used [0x00000000e2800000,0x00000000e430b1d8,0x00000000e5180000)
 Metaspace       used 57153K, capacity 58768K, committed 59160K, reserved 1101824K
  class space    used 7319K, capacity 7620K, committed 7712K, reserved 1048576K
}
Event: 24.070 GC heap before
{Heap before GC invocations=15 (full 3):
 PSYoungGen      total 136192K, used 16371K [0x00000000f6300000, 0x0000000100000000, 0x0000000100000000)
  eden space 119808K, 0% used [0x00000000f6300000,0x00000000f6300000,0x00000000fd800000)
  from space 16384K, 99% used [0x00000000ff000000,0x00000000ffffcc98,0x0000000100000000)
  to   space 20480K, 0% used [0x00000000fd800000,0x00000000fd800000,0x00000000fec00000)
 ParOldGen       total 42496K, used 27692K [0x00000000e2800000, 0x00000000e5180000, 0x00000000f6300000)
  object space 42496K, 65% used [0x00000000e2800000,0x00000000e430b1d8,0x00000000e5180000)
 Metaspace       used 57153K, capacity 58768K, committed 59160K, reserved 1101824K
  class space    used 7319K, capacity 7620K, committed 7712K, reserved 1048576K
Event: 24.271 GC heap after
Heap after GC invocations=15 (full 3):
 PSYoungGen      total 136192K, used 0K [0x00000000f6300000, 0x0000000100000000, 0x0000000100000000)
  eden space 119808K, 0% used [0x00000000f6300000,0x00000000f6300000,0x00000000fd800000)
  from space 16384K, 0% used [0x00000000ff000000,0x00000000ff000000,0x0000000100000000)
  to   space 20480K, 0% used [0x00000000fd800000,0x00000000fd800000,0x00000000fec00000)
 ParOldGen       total 67072K, used 32620K [0x00000000e2800000, 0x00000000e6980000, 0x00000000f6300000)
  object space 67072K, 48% used [0x00000000e2800000,0x00000000e47db2d0,0x00000000e6980000)
 Metaspace       used 57153K, capacity 58768K, committed 59160K, reserved 1101824K
  class space    used 7319K, capacity 7620K, committed 7712K, reserved 1048576K
}
Event: 27.330 GC heap before
{Heap before GC invocations=16 (full 3):
 PSYoungGen      total 136192K, used 119808K [0x00000000f6300000, 0x0000000100000000, 0x0000000100000000)
  eden space 119808K, 100% used [0x00000000f6300000,0x00000000fd800000,0x00000000fd800000)
  from space 16384K, 0% used [0x00000000ff000000,0x00000000ff000000,0x0000000100000000)
  to   space 20480K, 0% used [0x00000000fd800000,0x00000000fd800000,0x00000000fec00000)
 ParOldGen       total 67072K, used 32620K [0x00000000e2800000, 0x00000000e6980000, 0x00000000f6300000)
  object space 67072K, 48% used [0x00000000e2800000,0x00000000e47db2d0,0x00000000e6980000)
 Metaspace       used 63636K, capacity 65366K, committed 65816K, reserved 1105920K
  class space    used 8363K, capacity 8701K, committed 8736K, reserved 1048576K
Event: 27.375 GC heap after
Heap after GC invocations=16 (full 3):
 PSYoungGen      total 140288K, used 7066K [0x00000000f6300000, 0x0000000100000000, 0x0000000100000000)
  eden space 119808K, 0% used [0x00000000f6300000,0x00000000f6300000,0x00000000fd800000)
  from space 20480K, 34% used [0x00000000fd800000,0x00000000fdee6828,0x00000000fec00000)
  to   space 19456K, 0% used [0x00000000fed00000,0x00000000fed00000,0x0000000100000000)
 ParOldGen       total 67072K, used 32620K [0x00000000e2800000, 0x00000000e6980000, 0x00000000f6300000)
  object space 67072K, 48% used [0x00000000e2800000,0x00000000e47db2d0,0x00000000e6980000)
 Metaspace       used 63636K, capacity 65366K, committed 65816K, reserved 1105920K
  class space    used 8363K, capacity 8701K, committed 8736K, reserved 1048576K
}
Event: 29.815 GC heap before
{Heap before GC invocations=17 (full 3):
 PSYoungGen      total 140288K, used 126874K [0x00000000f6300000, 0x0000000100000000, 0x0000000100000000)
  eden space 119808K, 100% used [0x00000000f6300000,0x00000000fd800000,0x00000000fd800000)
  from space 20480K, 34% used [0x00000000fd800000,0x00000000fdee6828,0x00000000fec00000)
  to   space 19456K, 0% used [0x00000000fed00000,0x00000000fed00000,0x0000000100000000)
 ParOldGen       total 67072K, used 32620K [0x00000000e2800000, 0x00000000e6980000, 0x00000000f6300000)
  object space 67072K, 48% used [0x00000000e2800000,0x00000000e47db2d0,0x00000000e6980000)
 Metaspace       used 69791K, capacity 71940K, committed 72088K, reserved 1112064K
  class space    used 9181K, capacity 9566K, committed 9632K, reserved 1048576K
Event: 29.835 GC heap after
Heap after GC invocations=17 (full 3):
 PSYoungGen      total 138240K, used 9934K [0x00000000f6300000, 0x00000000ffe00000, 0x0000000100000000)
  eden space 120832K, 0% used [0x00000000f6300000,0x00000000f6300000,0x00000000fd900000)
  from space 17408K, 57% used [0x00000000fed00000,0x00000000ff6b3900,0x00000000ffe00000)
  to   space 18944K, 0% used [0x00000000fd900000,0x00000000fd900000,0x00000000feb80000)
 ParOldGen       total 67072K, used 32628K [0x00000000e2800000, 0x00000000e6980000, 0x00000000f6300000)
  object space 67072K, 48% used [0x00000000e2800000,0x00000000e47dd2d0,0x00000000e6980000)
 Metaspace       used 69791K, capacity 71940K, committed 72088K, reserved 1112064K
  class space    used 9181K, capacity 9566K, committed 9632K, reserved 1048576K
}

Deoptimization events (10 events):
Event: 29.637 Thread 0x00000000020ad000 Uncommon trap: reason=null_check action=make_not_entrant pc=0x00000000026085e0 method=org.springframework.util.ClassUtils.isAssignable(Ljava/lang/Class;Ljava/lang/Class;)Z @ 14
Event: 29.638 Thread 0x00000000020ad000 Uncommon trap: reason=class_check action=maybe_recompile pc=0x00000000025beb98 method=java.lang.String.equals(Ljava/lang/Object;)Z @ 8
Event: 29.641 Thread 0x00000000020ad000 Uncommon trap: reason=class_check action=maybe_recompile pc=0x00000000025beb98 method=java.lang.String.equals(Ljava/lang/Object;)Z @ 8
Event: 29.641 Thread 0x00000000020ad000 Uncommon trap: reason=class_check action=maybe_recompile pc=0x00000000025beb98 method=java.lang.String.equals(Ljava/lang/Object;)Z @ 8
Event: 29.643 Thread 0x00000000020ad000 Uncommon trap: reason=class_check action=maybe_recompile pc=0x00000000025beb98 method=java.lang.String.equals(Ljava/lang/Object;)Z @ 8
Event: 29.670 Thread 0x00000000020ad000 Uncommon trap: reason=null_check action=make_not_entrant pc=0x00000000031be7e4 method=java.lang.reflect.Array.newInstance(Ljava/lang/Class;I)Ljava/lang/Object; @ 2
Event: 29.835 Thread 0x00000000536ff800 Uncommon trap: reason=unstable_if action=reinterpret pc=0x00000000030d9510 method=java.lang.ref.Finalizer.remove()V @ 10
Event: 29.835 Thread 0x00000000536ff800 Uncommon trap: reason=unstable_if action=reinterpret pc=0x00000000030cd554 method=java.lang.ref.Finalizer.remove()V @ 10
Event: 30.074 Thread 0x00000000020ad000 Uncommon trap: reason=bimorphic action=maybe_recompile pc=0x0000000002bc52a8 method=java.util.Hashtable.get(Ljava/lang/Object;)Ljava/lang/Object; @ 6
Event: 30.075 Thread 0x00000000020ad000 Uncommon trap: reason=bimorphic action=maybe_recompile pc=0x0000000002bc52a8 method=java.util.Hashtable.get(Ljava/lang/Object;)Ljava/lang/Object; @ 6

Internal exceptions (10 events):
Event: 147.700 Thread 0x0000000058e27800 Exception <a 'java/net/SocketTimeoutException': Read timed out> (0x00000000f8272188) thrown at [C:\re\workspace\8-2-build-windows-amd64-cygwin\jdk8u131\8869\hotspot\src\share\vm\prims\jni.cpp, line 735]
Event: 148.298 Thread 0x0000000056386800 Exception <a 'java/net/SocketTimeoutException': Read timed out> (0x00000000f82945f0) thrown at [C:\re\workspace\8-2-build-windows-amd64-cygwin\jdk8u131\8869\hotspot\src\share\vm\prims\jni.cpp, line 735]
Event: 148.870 Thread 0x0000000056388000 Exception <a 'java/net/SocketTimeoutException': Read timed out> (0x00000000f82c3090) thrown at [C:\re\workspace\8-2-build-windows-amd64-cygwin\jdk8u131\8869\hotspot\src\share\vm\prims\jni.cpp, line 735]
Event: 150.274 Thread 0x00000000623e0800 Exception <a 'java/net/SocketTimeoutException': Read timed out> (0x00000000f7e4eb68) thrown at [C:\re\workspace\8-2-build-windows-amd64-cygwin\jdk8u131\8869\hotspot\src\share\vm\prims\jni.cpp, line 735]
Event: 152.848 Thread 0x0000000058e27800 Exception <a 'java/net/SocketTimeoutException': Read timed out> (0x00000000f82f6a88) thrown at [C:\re\workspace\8-2-build-windows-amd64-cygwin\jdk8u131\8869\hotspot\src\share\vm\prims\jni.cpp, line 735]
Event: 153.410 Thread 0x0000000056386800 Exception <a 'java/net/SocketTimeoutException': Read timed out> (0x00000000f8318ef0) thrown at [C:\re\workspace\8-2-build-windows-amd64-cygwin\jdk8u131\8869\hotspot\src\share\vm\prims\jni.cpp, line 735]
Event: 154.003 Thread 0x0000000056388000 Exception <a 'java/net/SocketTimeoutException': Read timed out> (0x00000000f833bde0) thrown at [C:\re\workspace\8-2-build-windows-amd64-cygwin\jdk8u131\8869\hotspot\src\share\vm\prims\jni.cpp, line 735]
Event: 158.126 Thread 0x0000000058e27800 Exception <a 'java/net/SocketTimeoutException': Read timed out> (0x00000000f8307d48) thrown at [C:\re\workspace\8-2-build-windows-amd64-cygwin\jdk8u131\8869\hotspot\src\share\vm\prims\jni.cpp, line 735]
Event: 158.644 Thread 0x0000000056386800 Exception <a 'java/net/SocketTimeoutException': Read timed out> (0x00000000f832a1b0) thrown at [C:\re\workspace\8-2-build-windows-amd64-cygwin\jdk8u131\8869\hotspot\src\share\vm\prims\jni.cpp, line 735]
Event: 159.271 Thread 0x0000000056388000 Exception <a 'java/net/SocketTimeoutException': Read timed out> (0x00000000f834d0a0) thrown at [C:\re\workspace\8-2-build-windows-amd64-cygwin\jdk8u131\8869\hotspot\src\share\vm\prims\jni.cpp, line 735]

Events (10 events):
Event: 123.259 Thread 0x0000000054cfb800 flushing nmethod 0x00000000033b8910
Event: 123.259 Thread 0x0000000054cfb800 flushing nmethod 0x00000000033b9fd0
Event: 123.260 Thread 0x0000000054cfb800 flushing nmethod 0x00000000033ce350
Event: 123.260 Thread 0x0000000054cfb800 flushing nmethod 0x00000000033f7410
Event: 123.260 Thread 0x0000000054cfb800 flushing nmethod 0x0000000003431f90
Event: 123.260 Thread 0x0000000054cfb800 flushing nmethod 0x00000000034399d0
Event: 150.259 Executing VM operation: RevokeBias
Event: 150.259 Executing VM operation: RevokeBias done
Event: 159.272 Thread 0x0000000056388000 DEOPT PACKING pc=0x0000000003215cb4 sp=0x0000000061abdcb0
Event: 159.272 Thread 0x0000000056388000 DEOPT UNPACKING pc=0x000000000249787f sp=0x0000000061abda18 mode 0


Dynamic libraries:
0x000000013f7b0000 - 0x000000013f7e7000 	D:\Java\jdk1.8.0_131\bin\javaw.exe
0x0000000077830000 - 0x00000000779da000 	C:\Windows\SYSTEM32\ntdll.dll
0x0000000077710000 - 0x000000007782f000 	C:\Windows\system32\kernel32.dll
0x000007fefdde0000 - 0x000007fefde4a000 	C:\Windows\system32\KERNELBASE.dll
0x000007fefeef0000 - 0x000007fefefcb000 	C:\Windows\system32\ADVAPI32.dll
0x000007feff8c0000 - 0x000007feff95f000 	C:\Windows\system32\msvcrt.dll
0x000007feff350000 - 0x000007feff36f000 	C:\Windows\SYSTEM32\sechost.dll
0x000007feff670000 - 0x000007feff79d000 	C:\Windows\system32\RPCRT4.dll
0x0000000077290000 - 0x000000007738a000 	C:\Windows\system32\USER32.dll
0x000007fefee70000 - 0x000007fefeed7000 	C:\Windows\system32\GDI32.dll
0x000007feff530000 - 0x000007feff53e000 	C:\Windows\system32\LPK.dll
0x000007feff1e0000 - 0x000007feff2aa000 	C:\Windows\system32\USP10.dll
0x000007fefc490000 - 0x000007fefc684000 	C:\Windows\WinSxS\amd64_microsoft.windows.common-controls_6595b64144ccf1df_6.0.7601.18837_none_fa3b1e3d17594757\COMCTL32.dll
0x000007feff370000 - 0x000007feff3e1000 	C:\Windows\system32\SHLWAPI.dll
0x000007fefedf0000 - 0x000007fefee1e000 	C:\Windows\system32\IMM32.DLL
0x000007feff560000 - 0x000007feff669000 	C:\Windows\system32\MSCTF.dll
0x000007fefdc50000 - 0x000007fefdc81000 	C:\Windows\system32\nvinitx.dll
0x000007fefdc40000 - 0x000007fefdc4c000 	C:\Windows\system32\VERSION.dll
0x000000006f3d0000 - 0x000000006f4a2000 	D:\Java\jdk1.8.0_131\jre\bin\msvcr100.dll
0x000000006eb30000 - 0x000000006f3cc000 	D:\Java\jdk1.8.0_131\jre\bin\server\jvm.dll
0x000007fefc460000 - 0x000007fefc469000 	C:\Windows\system32\WSOCK32.dll
0x000007fefee20000 - 0x000007fefee6d000 	C:\Windows\system32\WS2_32.dll
0x000007fefeee0000 - 0x000007fefeee8000 	C:\Windows\system32\NSI.dll
0x000007fefb290000 - 0x000007fefb2cb000 	C:\Windows\system32\WINMM.dll
0x0000000077a00000 - 0x0000000077a07000 	C:\Windows\system32\PSAPI.DLL
0x0000000074c10000 - 0x0000000074c1f000 	D:\Java\jdk1.8.0_131\jre\bin\verify.dll
0x0000000074be0000 - 0x0000000074c09000 	D:\Java\jdk1.8.0_131\jre\bin\java.dll
0x00000000731b0000 - 0x00000000731c6000 	D:\Java\jdk1.8.0_131\jre\bin\zip.dll
0x000007fefe060000 - 0x000007fefede9000 	C:\Windows\system32\SHELL32.dll
0x000007fefefd0000 - 0x000007feff1d3000 	C:\Windows\system32\ole32.dll
0x000007fefdc90000 - 0x000007fefdc9f000 	C:\Windows\system32\profapi.dll
0x0000000073180000 - 0x000000007319a000 	D:\Java\jdk1.8.0_131\jre\bin\net.dll
0x000007fefd450000 - 0x000007fefd4a5000 	C:\Windows\system32\mswsock.dll
0x000007fefd440000 - 0x000007fefd447000 	C:\Windows\System32\wship6.dll
0x000007fefb8a0000 - 0x000007fefb8c7000 	C:\Windows\system32\IPHLPAPI.DLL
0x000007fefb890000 - 0x000007fefb89b000 	C:\Windows\system32\WINNSI.DLL
0x000007fefb0e0000 - 0x000007fefb0f8000 	C:\Windows\system32\dhcpcsvc.DLL
0x000007fefb0c0000 - 0x000007fefb0d1000 	C:\Windows\system32\dhcpcsvc6.DLL
0x000007fefd2d0000 - 0x000007fefd32b000 	C:\Windows\system32\DNSAPI.dll
0x000007fefce50000 - 0x000007fefce57000 	C:\Windows\System32\wshtcpip.dll
0x000007fefa450000 - 0x000007fefa458000 	C:\Windows\system32\rasadhlp.dll
0x000007fefb2e0000 - 0x000007fefb333000 	C:\Windows\System32\fwpuclnt.dll
0x00000000731a0000 - 0x00000000731ad000 	D:\Java\jdk1.8.0_131\jre\bin\management.dll
0x000007fefba30000 - 0x000007fefba45000 	C:\Windows\system32\NLAapi.dll
0x000007fefb140000 - 0x000007fefb155000 	C:\Windows\system32\napinsp.dll
0x000007fefb270000 - 0x000007fefb289000 	C:\Windows\system32\pnrpnsp.dll
0x000007fefafb0000 - 0x000007fefafbb000 	C:\Windows\System32\winrnr.dll
0x0000000072ee0000 - 0x0000000072ef1000 	D:\Java\jdk1.8.0_131\jre\bin\nio.dll
0x000007fefd4b0000 - 0x000007fefd4c7000 	C:\Windows\system32\CRYPTSP.dll
0x000007fefd1b0000 - 0x000007fefd1f7000 	C:\Windows\system32\rsaenh.dll
0x000007fefcf90000 - 0x000007fefcfae000 	C:\Windows\system32\USERENV.dll
0x000007fefdb30000 - 0x000007fefdb3f000 	C:\Windows\system32\CRYPTBASE.dll
0x0000000072da0000 - 0x0000000072dc4000 	D:\Java\jdk1.8.0_131\jre\bin\sunec.dll

VM Arguments:
jvm_args: -Dfile.encoding=UTF-8 
java_command: com.cwh.score.ScoreApplication
java_class_path (initial): E:\github\springcloud-tools\score_service\target\classes;D:\repository\org\springframework\boot\spring-boot-starter-web\2.1.0.RELEASE\spring-boot-starter-web-2.1.0.RELEASE.jar;D:\repository\org\springframework\boot\spring-boot-starter\2.1.0.RELEASE\spring-boot-starter-2.1.0.RELEASE.jar;D:\repository\org\springframework\boot\spring-boot\2.1.0.RELEASE\spring-boot-2.1.0.RELEASE.jar;D:\repository\org\springframework\boot\spring-boot-autoconfigure\2.1.0.RELEASE\spring-boot-autoconfigure-2.1.0.RELEASE.jar;D:\repository\org\springframework\boot\spring-boot-starter-logging\2.1.0.RELEASE\spring-boot-starter-logging-2.1.0.RELEASE.jar;D:\repository\ch\qos\logback\logback-classic\1.2.3\logback-classic-1.2.3.jar;D:\repository\ch\qos\logback\logback-core\1.2.3\logback-core-1.2.3.jar;D:\repository\org\apache\logging\log4j\log4j-to-slf4j\2.11.1\log4j-to-slf4j-2.11.1.jar;D:\repository\org\apache\logging\log4j\log4j-api\2.11.1\log4j-api-2.11.1.jar;D:\repository\org\slf4j\jul-to-slf4j\1.7.25\jul-to-slf4j-1.7.25.jar;D:\repository\javax\annotation\javax.annotation-api\1.3.2\javax.annotation-api-1.3.2.jar;D:\repository\org\springframework\spring-core\5.1.2.RELEASE\spring-core-5.1.2.RELEASE.jar;D:\repository\org\springframework\spring-jcl\5.1.2.RELEASE\spring-jcl-5.1.2.RELEASE.jar;D:\repository\org\yaml\snakeyaml\1.23\snakeyaml-1.23.jar;D:\repository\org\springframework\boot\spring-boot-starter-json\2.1.0.RELEASE\spring-boot-starter-json-2.1.0.RELEASE.jar;D:\repository\com\fasterxml\jackson\core\jackson-databind\2.9.7\jackson-databind-2.9.7.jar;D:\repository\com\fasterxml\jackson\datatype\jackson-datatype-jdk8\2.9.7\jackson-datatype-jdk8-2.9.7.jar;D:\repository\com\fasterxml\jackson\datatype\jackson-datatype-jsr310\2.9.7\jackson-datatype-jsr310-2.9.7.jar;D:\repository\com\fasterxml\jackson\module\jackson-module-parameter-names\2.9.7\jackson-module-parameter-names-2.9.7.jar;D:\repository\org\springframework\boot\spring-boot-starter-tomcat\2.1.0.RELEASE\spring-b
Launcher Type: SUN_STANDARD

Environment Variables:
JAVA_HOME=D:\Java\jdk1.8.0_131
CLASSPATH=.;D:\Java\jdk1.8.0_131\lib\rt.jar;D:\Java\jdk1.8.0_131\lib\tools.jar
PATH=D:/Java/jdk1.8.0_131/jre/bin/server;D:/Java/jdk1.8.0_131/jre/bin;D:/Java/jdk1.8.0_131/jre/lib/amd64;C:\Windows\system32;C:\Windows;C:\Windows\System32\Wbem;C:\Windows\System32\WindowsPowerShell\v1.0\;d:\Program Files (x86)\Git\cmd;D:\Java\jdk1.8.0_131\bin;D:\software\apache-maven-3.3.9\bin;;D:\software\eclipse-jee-2019-03-R-win32-x86_64\eclipse;
USERNAME=Administrator
OS=Windows_NT
PROCESSOR_IDENTIFIER=Intel64 Family 6 Model 58 Stepping 9, GenuineIntel



---------------  S Y S T E M  ---------------

OS: Windows 7 , 64 bit Build 7601 (6.1.7601.23543)

CPU:total 4 (initial active 4) (2 cores per cpu, 2 threads per core) family 6 model 58 stepping 9, cmov, cx8, fxsr, mmx, sse, sse2, sse3, ssse3, sse4.1, sse4.2, popcnt, avx, aes, clmul, erms, ht, tsc, tscinvbit, tscinv

Memory: 4k page, physical 1931628k(165388k free), swap 7726512k(4904k free)

vm_info: Java HotSpot(TM) 64-Bit Server VM (25.131-b11) for windows-amd64 JRE (1.8.0_131-b11), built on Mar 15 2017 01:23:53 by "java_re" with MS VC++ 10.0 (VS2010)

time: Sat Nov 16 19:01:44 2019
elapsed time: 159 seconds (0d 0h 2m 39s)

