#
# There is insufficient memory for the Java Runtime Environment to continue.
# Native memory allocation (malloc) failed to allocate 32744 bytes for ChunkPool::allocate
# Possible reasons:
#   The system is out of physical RAM or swap space
#   In 32 bit mode, the process size limit was hit
# Possible solutions:
#   Reduce memory load on the system
#   Increase physical memory or swap space
#   Check if swap backing store is full
#   Use 64 bit Java on a 64 bit OS
#   Decrease Java heap size (-Xmx/-Xms)
#   Decrease number of Java threads
#   Decrease Java thread stack sizes (-Xss)
#   Set larger code cache with -XX:ReservedCodeCacheSize=
# This output file may be truncated or incomplete.
#
#  Out of Memory Error (allocation.cpp:273), pid=7980, tid=0x0000000000001234
#
# JRE version: Java(TM) SE Runtime Environment (8.0_131-b11) (build 1.8.0_131-b11)
# Java VM: Java HotSpot(TM) 64-Bit Server VM (25.131-b11 mixed mode windows-amd64 compressed oops)
# Failed to write core dump. Minidumps are not enabled by default on client versions of Windows
#

---------------  T H R E A D  ---------------

Current thread (0x0000000054db4000):  JavaThread "C2 CompilerThread0" daemon [_thread_in_native, id=4660, stack(0x00000000555f0000,0x00000000556f0000)]

Stack: [0x00000000555f0000,0x00000000556f0000]
[error occurred during error reporting (printing stack bounds), id 0xc0000005]

Native frames: (J=compiled Java code, j=interpreted, Vv=VM code, C=native code)


Current CompileTask:
C2: 141712 4506   !   4       org.springframework.core.annotation.AnnotatedElementUtils::searchWithFindSemantics (774 bytes)


---------------  P R O C E S S  ---------------

Java Threads: ( => current thread )
  0x000000005691c800 JavaThread "DiscoveryClient-0" daemon [_thread_blocked, id=6068, stack(0x000000005e6d0000,0x000000005e7d0000)]
  0x000000005691c000 JavaThread "AsyncResolver-bootstrap-0" daemon [_thread_blocked, id=5496, stack(0x000000005e4e0000,0x000000005e5e0000)]
  0x000000005691b000 JavaThread "Eureka-JerseyClient-Conn-Cleaner2" daemon [_thread_blocked, id=5660, stack(0x0000000054b90000,0x0000000054c90000)]
  0x000000005691a800 JavaThread "DiscoveryClient-0" daemon [_thread_blocked, id=7296, stack(0x000000005e1e0000,0x000000005e2e0000)]
  0x0000000056919800 JavaThread "mysql-cj-abandoned-connection-cleanup" daemon [_thread_blocked, id=7436, stack(0x000000005e040000,0x000000005e140000)]
  0x0000000056919000 JavaThread "AsyncResolver-bootstrap-0" daemon [_thread_blocked, id=3820, stack(0x000000005bd20000,0x000000005be20000)]
  0x0000000056918000 JavaThread "Eureka-JerseyClient-Conn-Cleaner2" daemon [_thread_blocked, id=7392, stack(0x000000005dce0000,0x000000005dde0000)]
  0x0000000056917800 JavaThread "container-0" [_thread_blocked, id=4056, stack(0x000000005c790000,0x000000005c890000)]
  0x0000000056916800 JavaThread "ContainerBackgroundProcessor[StandardEngine[Tomcat]]" daemon [_thread_blocked, id=1016, stack(0x000000005d8a0000,0x000000005d9a0000)]
  0x0000000056bfb800 JavaThread "rpcMergeMessageSend_RMROLE_1" daemon [_thread_blocked, id=7192, stack(0x000000005be40000,0x000000005bf40000)]
  0x00000000565cc000 JavaThread "timeoutChecker_1" daemon [_thread_blocked, id=4144, stack(0x000000005bc20000,0x000000005bd20000)]
  0x00000000565cb800 JavaThread "AsyncWorker_1" daemon [_thread_blocked, id=7864, stack(0x0000000057c80000,0x0000000057d80000)]
  0x00000000570e2000 JavaThread "rpcMergeMessageSend_TMROLE_1" daemon [_thread_blocked, id=5780, stack(0x000000005ba30000,0x000000005bb30000)]
  0x00000000572fb000 JavaThread "timeoutChecker_1" daemon [_thread_blocked, id=4740, stack(0x000000005b930000,0x000000005ba30000)]
  0x0000000058a73800 JavaThread "configOperate_1_2" daemon [_thread_blocked, id=6592, stack(0x0000000054960000,0x0000000054a60000)]
  0x0000000056bee000 JavaThread "configChange_1" daemon [_thread_blocked, id=4044, stack(0x000000005b1d0000,0x000000005b2d0000)]
  0x0000000056618800 JavaThread "configOperate_1_2" daemon [_thread_blocked, id=2904, stack(0x000000005b520000,0x000000005b620000)]
  0x0000000056617800 JavaThread "configChange_1" daemon [_thread_blocked, id=7040, stack(0x00000000551c0000,0x00000000552c0000)]
  0x0000000054e1e000 JavaThread "Service Thread" daemon [_thread_blocked, id=7844, stack(0x0000000055a40000,0x0000000055b40000)]
  0x0000000054dd5800 JavaThread "C1 CompilerThread2" daemon [_thread_blocked, id=4644, stack(0x00000000558d0000,0x00000000559d0000)]
  0x0000000054db7000 JavaThread "C2 CompilerThread1" daemon [_thread_in_native, id=4156, stack(0x00000000556f0000,0x00000000557f0000)]
=>0x0000000054db4000 JavaThread "C2 CompilerThread0" daemon [_thread_in_native, id=4660, stack(0x00000000555f0000,0x00000000556f0000)]
  0x0000000054da2800 JavaThread "Attach Listener" daemon [_thread_blocked, id=5944, stack(0x00000000554c0000,0x00000000555c0000)]
  0x0000000053774000 JavaThread "Signal Dispatcher" daemon [_thread_blocked, id=3200, stack(0x00000000552d0000,0x00000000553d0000)]
  0x0000000053760000 JavaThread "Finalizer" daemon [_thread_blocked, id=7136, stack(0x0000000054c90000,0x0000000054d90000)]
  0x0000000053719000 JavaThread "Reference Handler" daemon [_thread_blocked, id=7720, stack(0x0000000054a60000,0x0000000054b60000)]
  0x000000000211f800 JavaThread "main" [_thread_blocked, id=2736, stack(0x0000000002410000,0x0000000002510000)]

Other Threads:
  0x0000000053711000 VMThread [stack: 0x0000000054840000,0x0000000054940000] [id=5368]
  0x0000000054ec3800 WatcherThread [stack: 0x0000000055bb0000,0x0000000055cb0000] [id=4200]

VM state:at safepoint (normal execution)

VM Mutex/Monitor currently owned by a thread:  ([mutex/lock_event])
[0x000000000215c380] Threads_lock - owner thread: 0x0000000053711000
[0x000000000215c880] Heap_lock - owner thread: 0x000000000211f800

Heap:
 PSYoungGen      total 84992K, used 1567K [0x00000000f6300000, 0x00000000fcd00000, 0x0000000100000000)
  eden space 77312K, 0% used [0x00000000f6300000,0x00000000f6300000,0x00000000fae80000)
  from space 7680K, 20% used [0x00000000fc580000,0x00000000fc707f60,0x00000000fcd00000)
  to   space 6656K, 0% used [0x00000000fae80000,0x00000000fae80000,0x00000000fb500000)
 ParOldGen       total 49152K, used 28236K [0x00000000e2800000, 0x00000000e5800000, 0x00000000f6300000)
  object space 49152K, 57% used [0x00000000e2800000,0x00000000e4393370,0x00000000e5800000)
 Metaspace       used 51828K, capacity 53334K, committed 53544K, reserved 1099776K
  class space    used 6599K, capacity 6891K, committed 6952K, reserved 1048576K

Card table byte_map: [0x0000000002220000,0x0000000002310000] byte_map_base: 0x0000000001b0c000

Marking Bits: (ParMarkBitMap*) 0x0000000068d7c720
 Begin Bits: [0x0000000011ec0000, 0x0000000012620000)
 End Bits:   [0x0000000012620000, 0x0000000012d80000)

Polling page: 0x0000000000300000

CodeCache: size=245760Kb used=14395Kb max_used=14407Kb free=231364Kb
 bounds [0x0000000002510000, 0x0000000003340000, 0x0000000011510000]
 total_blobs=4512 nmethods=4002 adapters=421
 compilation: enabled

Compilation events (10 events):
Event: 140.637 Thread 0x0000000054dd5800 nmethod 4684 0x00000000033317d0 code [0x0000000003331920, 0x0000000003331a10]
Event: 140.895 Thread 0x0000000054dd5800 4685       3       java.io.WinNTFileSystem::normalize (143 bytes)
Event: 140.896 Thread 0x0000000054dd5800 nmethod 4685 0x0000000003331a90 code [0x0000000003331c80, 0x00000000033324e8]
Event: 141.399 Thread 0x0000000054dd5800 4686       3       java.util.concurrent.atomic.AtomicLong::<init> (5 bytes)
Event: 141.399 Thread 0x0000000054dd5800 nmethod 4686 0x00000000033328d0 code [0x0000000003332a40, 0x0000000003332c50]
Event: 141.505 Thread 0x0000000054dd5800 4687       3       io.netty.buffer.PoolArena::newSubpagePoolHead (21 bytes)
Event: 141.505 Thread 0x0000000054dd5800 nmethod 4687 0x0000000003332d10 code [0x0000000003332e80, 0x0000000003333130]
Event: 141.505 Thread 0x0000000054dd5800 4688       3       io.netty.buffer.PoolSubpage::<init> (35 bytes)
Event: 141.506 Thread 0x0000000054dd5800 nmethod 4688 0x0000000002654dd0 code [0x0000000002654f20, 0x0000000002655110]
Event: 141.509 Thread 0x0000000054dd5800 4689   !   3       java.util.concurrent.ConcurrentHashMap::replaceNode (416 bytes)

GC Heap History (10 events):
Event: 131.246 GC heap after
Heap after GC invocations=27 (full 3):
 PSYoungGen      total 69632K, used 4582K [0x00000000f6300000, 0x00000000faf80000, 0x0000000100000000)
  eden space 65024K, 0% used [0x00000000f6300000,0x00000000f6300000,0x00000000fa280000)
  from space 4608K, 99% used [0x00000000fa980000,0x00000000fadf9b50,0x00000000fae00000)
  to   space 6656K, 0% used [0x00000000fa280000,0x00000000fa280000,0x00000000fa900000)
 ParOldGen       total 30720K, used 18201K [0x00000000e2800000, 0x00000000e4600000, 0x00000000f6300000)
  object space 30720K, 59% used [0x00000000e2800000,0x00000000e39c6778,0x00000000e4600000)
 Metaspace       used 39450K, capacity 40890K, committed 41128K, reserved 1085440K
  class space    used 5174K, capacity 5459K, committed 5544K, reserved 1048576K
}
Event: 135.087 GC heap before
{Heap before GC invocations=28 (full 3):
 PSYoungGen      total 69632K, used 69601K [0x00000000f6300000, 0x00000000faf80000, 0x0000000100000000)
  eden space 65024K, 99% used [0x00000000f6300000,0x00000000fa27ea30,0x00000000fa280000)
  from space 4608K, 99% used [0x00000000fa980000,0x00000000fadf9b50,0x00000000fae00000)
  to   space 6656K, 0% used [0x00000000fa280000,0x00000000fa280000,0x00000000fa900000)
 ParOldGen       total 30720K, used 18201K [0x00000000e2800000, 0x00000000e4600000, 0x00000000f6300000)
  object space 30720K, 59% used [0x00000000e2800000,0x00000000e39c6778,0x00000000e4600000)
 Metaspace       used 41996K, capacity 43460K, committed 43688K, reserved 1087488K
  class space    used 5479K, capacity 5766K, committed 5800K, reserved 1048576K
Event: 135.115 GC heap after
Heap after GC invocations=28 (full 3):
 PSYoungGen      total 71680K, used 4775K [0x00000000f6300000, 0x00000000fbb80000, 0x0000000100000000)
  eden space 65024K, 0% used [0x00000000f6300000,0x00000000f6300000,0x00000000fa280000)
  from space 6656K, 71% used [0x00000000fa280000,0x00000000fa729ef8,0x00000000fa900000)
  to   space 6656K, 0% used [0x00000000fb500000,0x00000000fb500000,0x00000000fbb80000)
 ParOldGen       total 30720K, used 22761K [0x00000000e2800000, 0x00000000e4600000, 0x00000000f6300000)
  object space 30720K, 74% used [0x00000000e2800000,0x00000000e3e3a4d8,0x00000000e4600000)
 Metaspace       used 41996K, capacity 43460K, committed 43688K, reserved 1087488K
  class space    used 5479K, capacity 5766K, committed 5800K, reserved 1048576K
}
Event: 136.961 GC heap before
{Heap before GC invocations=29 (full 3):
 PSYoungGen      total 71680K, used 69799K [0x00000000f6300000, 0x00000000fbb80000, 0x0000000100000000)
  eden space 65024K, 100% used [0x00000000f6300000,0x00000000fa280000,0x00000000fa280000)
  from space 6656K, 71% used [0x00000000fa280000,0x00000000fa729ef8,0x00000000fa900000)
  to   space 6656K, 0% used [0x00000000fb500000,0x00000000fb500000,0x00000000fbb80000)
 ParOldGen       total 30720K, used 22761K [0x00000000e2800000, 0x00000000e4600000, 0x00000000f6300000)
  object space 30720K, 74% used [0x00000000e2800000,0x00000000e3e3a4d8,0x00000000e4600000)
 Metaspace       used 44786K, capacity 46294K, committed 46760K, reserved 1089536K
  class space    used 5886K, capacity 6197K, committed 6312K, reserved 1048576K
Event: 137.004 GC heap after
Heap after GC invocations=29 (full 3):
 PSYoungGen      total 83968K, used 3622K [0x00000000f6300000, 0x00000000fbd00000, 0x0000000100000000)
  eden space 77312K, 0% used [0x00000000f6300000,0x00000000f6300000,0x00000000fae80000)
  from space 6656K, 54% used [0x00000000fb500000,0x00000000fb889a58,0x00000000fbb80000)
  to   space 6656K, 0% used [0x00000000fae80000,0x00000000fae80000,0x00000000fb500000)
 ParOldGen       total 30720K, used 25602K [0x00000000e2800000, 0x00000000e4600000, 0x00000000f6300000)
  object space 30720K, 83% used [0x00000000e2800000,0x00000000e4100898,0x00000000e4600000)
 Metaspace       used 44786K, capacity 46294K, committed 46760K, reserved 1089536K
  class space    used 5886K, capacity 6197K, committed 6312K, reserved 1048576K
}
Event: 140.155 GC heap before
{Heap before GC invocations=30 (full 3):
 PSYoungGen      total 83968K, used 80934K [0x00000000f6300000, 0x00000000fbd00000, 0x0000000100000000)
  eden space 77312K, 100% used [0x00000000f6300000,0x00000000fae80000,0x00000000fae80000)
  from space 6656K, 54% used [0x00000000fb500000,0x00000000fb889a58,0x00000000fbb80000)
  to   space 6656K, 0% used [0x00000000fae80000,0x00000000fae80000,0x00000000fb500000)
 ParOldGen       total 30720K, used 25602K [0x00000000e2800000, 0x00000000e4600000, 0x00000000f6300000)
  object space 30720K, 83% used [0x00000000e2800000,0x00000000e4100898,0x00000000e4600000)
 Metaspace       used 49797K, capacity 51318K, committed 51624K, reserved 1095680K
  class space    used 6436K, capacity 6731K, committed 6824K, reserved 1048576K
Event: 140.178 GC heap after
Heap after GC invocations=30 (full 3):
 PSYoungGen      total 83968K, used 5879K [0x00000000f6300000, 0x00000000fcd00000, 0x0000000100000000)
  eden space 77312K, 0% used [0x00000000f6300000,0x00000000f6300000,0x00000000fae80000)
  from space 6656K, 88% used [0x00000000fae80000,0x00000000fb43dcc8,0x00000000fb500000)
  to   space 7680K, 0% used [0x00000000fc580000,0x00000000fc580000,0x00000000fcd00000)
 ParOldGen       total 30720K, used 26879K [0x00000000e2800000, 0x00000000e4600000, 0x00000000f6300000)
  object space 30720K, 87% used [0x00000000e2800000,0x00000000e423ff90,0x00000000e4600000)
 Metaspace       used 49797K, capacity 51318K, committed 51624K, reserved 1095680K
  class space    used 6436K, capacity 6731K, committed 6824K, reserved 1048576K
}
Event: 140.178 GC heap before
{Heap before GC invocations=31 (full 4):
 PSYoungGen      total 83968K, used 5879K [0x00000000f6300000, 0x00000000fcd00000, 0x0000000100000000)
  eden space 77312K, 0% used [0x00000000f6300000,0x00000000f6300000,0x00000000fae80000)
  from space 6656K, 88% used [0x00000000fae80000,0x00000000fb43dcc8,0x00000000fb500000)
  to   space 7680K, 0% used [0x00000000fc580000,0x00000000fc580000,0x00000000fcd00000)
 ParOldGen       total 30720K, used 26879K [0x00000000e2800000, 0x00000000e4600000, 0x00000000f6300000)
  object space 30720K, 87% used [0x00000000e2800000,0x00000000e423ff90,0x00000000e4600000)
 Metaspace       used 49797K, capacity 51318K, committed 51624K, reserved 1095680K
  class space    used 6436K, capacity 6731K, committed 6824K, reserved 1048576K
Event: 140.360 GC heap after
Heap after GC invocations=31 (full 4):
 PSYoungGen      total 83968K, used 0K [0x00000000f6300000, 0x00000000fcd00000, 0x0000000100000000)
  eden space 77312K, 0% used [0x00000000f6300000,0x00000000f6300000,0x00000000fae80000)
  from space 6656K, 0% used [0x00000000fae80000,0x00000000fae80000,0x00000000fb500000)
  to   space 7680K, 0% used [0x00000000fc580000,0x00000000fc580000,0x00000000fcd00000)
 ParOldGen       total 49152K, used 28236K [0x00000000e2800000, 0x00000000e5800000, 0x00000000f6300000)
  object space 49152K, 57% used [0x00000000e2800000,0x00000000e4393370,0x00000000e5800000)
 Metaspace       used 49797K, capacity 51318K, committed 51624K, reserved 1095680K
  class space    used 6436K, capacity 6731K, committed 6824K, reserved 1048576K
}
Event: 141.511 GC heap before
{Heap before GC invocations=32 (full 4):
 PSYoungGen      total 83968K, used 13730K [0x00000000f6300000, 0x00000000fcd00000, 0x0000000100000000)
  eden space 77312K, 17% used [0x00000000f6300000,0x00000000f70688b8,0x00000000fae80000)
  from space 6656K, 0% used [0x00000000fae80000,0x00000000fae80000,0x00000000fb500000)
  to   space 7680K, 0% used [0x00000000fc580000,0x00000000fc580000,0x00000000fcd00000)
 ParOldGen       total 49152K, used 28236K [0x00000000e2800000, 0x00000000e5800000, 0x00000000f6300000)
  object space 49152K, 57% used [0x00000000e2800000,0x00000000e4393370,0x00000000e5800000)
 Metaspace       used 51828K, capacity 53334K, committed 53544K, reserved 1099776K
  class space    used 6599K, capacity 6891K, committed 6952K, reserved 1048576K

Deoptimization events (10 events):
Event: 138.835 Thread 0x000000000211f800 Uncommon trap: reason=unstable_if action=reinterpret pc=0x0000000002febc24 method=org.springframework.beans.factory.support.DefaultSingletonBeanRegistry.getSingleton(Ljava/lang/String;Z)Ljava/lang/Object; @ 47
Event: 138.895 Thread 0x00000000572fb000 Uncommon trap: reason=bimorphic action=maybe_recompile pc=0x00000000032546d0 method=java.util.zip.InflaterInputStream.read([BII)I @ 100
Event: 139.076 Thread 0x0000000056919800 Uncommon trap: reason=unstable_if action=reinterpret pc=0x000000000318ad58 method=java.net.URL.<init>(Ljava/net/URL;Ljava/lang/String;Ljava/net/URLStreamHandler;)V @ 57
Event: 139.256 Thread 0x000000000211f800 Uncommon trap: reason=unstable_if action=reinterpret pc=0x0000000002776c94 method=java.lang.AbstractStringBuilder.append(Ljava/lang/String;)Ljava/lang/AbstractStringBuilder; @ 1
Event: 140.464 Thread 0x00000000565cc000 Uncommon trap: reason=unstable_if action=reinterpret pc=0x0000000002672784 method=java.lang.CharacterDataLatin1.digit(II)I @ 82
Event: 140.560 Thread 0x00000000565cc000 Uncommon trap: reason=bimorphic action=maybe_recompile pc=0x00000000032546d0 method=java.util.zip.InflaterInputStream.read([BII)I @ 100
Event: 140.569 Thread 0x00000000565cc000 Uncommon trap: reason=unstable_if action=reinterpret pc=0x0000000002721b2c method=java.lang.AbstractStringBuilder.append(Ljava/lang/String;)Ljava/lang/AbstractStringBuilder; @ 1
Event: 140.658 Thread 0x00000000572fb000 Uncommon trap: reason=unstable_if action=reinterpret pc=0x0000000002d37a1c method=java.io.WinNTFileSystem.isLetter(C)Z @ 3
Event: 141.511 Thread 0x00000000565cc000 Uncommon trap: reason=unstable_if action=reinterpret pc=0x0000000002df33e8 method=java.lang.Class.annotationData()Ljava/lang/Class$AnnotationData; @ 36
Event: 141.511 Thread 0x00000000565cc000 Uncommon trap: reason=unstable_if action=reinterpret pc=0x0000000002df33e8 method=java.lang.Class.annotationData()Ljava/lang/Class$AnnotationData; @ 36

Internal exceptions (10 events):
Event: 131.373 Thread 0x00000000572fb000 Implicit null exception at 0x0000000003046dc3 to 0x0000000003049895
Event: 134.589 Thread 0x00000000572fb000 Implicit null exception at 0x000000000314d48f to 0x000000000314d4fd
Event: 135.931 Thread 0x000000000211f800 Exception <a 'java/io/FileNotFoundException'> (0x00000000f7bab318) thrown at [C:\re\workspace\8-2-build-windows-amd64-cygwin\jdk8u131\8869\hotspot\src\share\vm\prims\jni.cpp, line 709]
Event: 136.754 Thread 0x000000000211f800 Exception <a 'java/io/FileNotFoundException'> (0x00000000f9228190) thrown at [C:\re\workspace\8-2-build-windows-amd64-cygwin\jdk8u131\8869\hotspot\src\share\vm\prims\jni.cpp, line 709]
Event: 137.062 Thread 0x00000000572fb000 Exception <a 'java/lang/NoClassDefFoundError': javax/mail/MessagingException> (0x00000000f65c6788) thrown at [C:\re\workspace\8-2-build-windows-amd64-cygwin\jdk8u131\8869\hotspot\src\share\vm\classfile\systemDictionary.cpp, line 199]
Event: 137.825 Thread 0x00000000572fb000 Exception <a 'java/lang/NoClassDefFoundError': javax/mail/MessagingException> (0x00000000f776a160) thrown at [C:\re\workspace\8-2-build-windows-amd64-cygwin\jdk8u131\8869\hotspot\src\share\vm\classfile\systemDictionary.cpp, line 199]
Event: 139.256 Thread 0x000000000211f800 Implicit null exception at 0x00000000027768c4 to 0x0000000002776c7d
Event: 140.069 Thread 0x00000000565cc000 Exception <a 'java/lang/NoClassDefFoundError': javax/mail/MessagingException> (0x00000000fa63f450) thrown at [C:\re\workspace\8-2-build-windows-amd64-cygwin\jdk8u131\8869\hotspot\src\share\vm\classfile\systemDictionary.cpp, line 199]
Event: 140.135 Thread 0x00000000565cc000 Exception <a 'java/lang/NoClassDefFoundError': javax/mail/MessagingException> (0x00000000fac97490) thrown at [C:\re\workspace\8-2-build-windows-amd64-cygwin\jdk8u131\8869\hotspot\src\share\vm\classfile\systemDictionary.cpp, line 199]
Event: 140.569 Thread 0x00000000565cc000 Implicit null exception at 0x00000000027216c7 to 0x0000000002721b15

Events (10 events):
Event: 141.508 Executing VM operation: RevokeBias
Event: 141.509 Executing VM operation: RevokeBias done
Event: 141.511 loading class java/util/IdentityHashMap$KeySet
Event: 141.511 Thread 0x00000000565cc000 Uncommon trap: trap_request=0xffffff65 fr.pc=0x0000000002df33e8
Event: 141.511 Thread 0x00000000565cc000 DEOPT PACKING pc=0x0000000002df33e8 sp=0x000000005bd1e5d0
Event: 141.511 Thread 0x00000000565cc000 DEOPT UNPACKING pc=0x000000000255582a sp=0x000000005bd1e598 mode 2
Event: 141.511 Thread 0x00000000565cc000 Uncommon trap: trap_request=0xffffff65 fr.pc=0x0000000002df33e8
Event: 141.511 Thread 0x00000000565cc000 DEOPT PACKING pc=0x0000000002df33e8 sp=0x000000005bd1e640
Event: 141.511 Thread 0x00000000565cc000 DEOPT UNPACKING pc=0x000000000255582a sp=0x000000005bd1e608 mode 2
Event: 141.511 Executing VM operation: CollectForMetadataAllocation


Dynamic libraries:
0x000000013fd10000 - 0x000000013fd47000 	D:\Java\jdk1.8.0_131\bin\javaw.exe
0x0000000077830000 - 0x00000000779da000 	C:\Windows\SYSTEM32\ntdll.dll
0x0000000077710000 - 0x000000007782f000 	C:\Windows\system32\kernel32.dll
0x000007fefdde0000 - 0x000007fefde4a000 	C:\Windows\system32\KERNELBASE.dll
0x000007fefeef0000 - 0x000007fefefcb000 	C:\Windows\system32\ADVAPI32.dll
0x000007feff8c0000 - 0x000007feff95f000 	C:\Windows\system32\msvcrt.dll
0x000007feff350000 - 0x000007feff36f000 	C:\Windows\SYSTEM32\sechost.dll
0x000007feff670000 - 0x000007feff79d000 	C:\Windows\system32\RPCRT4.dll
0x0000000077290000 - 0x000000007738a000 	C:\Windows\system32\USER32.dll
0x000007fefee70000 - 0x000007fefeed7000 	C:\Windows\system32\GDI32.dll
0x000007feff530000 - 0x000007feff53e000 	C:\Windows\system32\LPK.dll
0x000007feff1e0000 - 0x000007feff2aa000 	C:\Windows\system32\USP10.dll
0x000007fefc490000 - 0x000007fefc684000 	C:\Windows\WinSxS\amd64_microsoft.windows.common-controls_6595b64144ccf1df_6.0.7601.18837_none_fa3b1e3d17594757\COMCTL32.dll
0x000007feff370000 - 0x000007feff3e1000 	C:\Windows\system32\SHLWAPI.dll
0x000007fefedf0000 - 0x000007fefee1e000 	C:\Windows\system32\IMM32.DLL
0x000007feff560000 - 0x000007feff669000 	C:\Windows\system32\MSCTF.dll
0x000007fefdc50000 - 0x000007fefdc81000 	C:\Windows\system32\nvinitx.dll
0x000007fefdc40000 - 0x000007fefdc4c000 	C:\Windows\system32\VERSION.dll
0x000000006c5d0000 - 0x000000006c6a2000 	D:\Java\jdk1.8.0_131\jre\bin\msvcr100.dll
0x0000000068560000 - 0x0000000068dfc000 	D:\Java\jdk1.8.0_131\jre\bin\server\jvm.dll
0x000007fef7530000 - 0x000007fef7539000 	C:\Windows\system32\WSOCK32.dll
0x000007fefee20000 - 0x000007fefee6d000 	C:\Windows\system32\WS2_32.dll
0x000007fefeee0000 - 0x000007fefeee8000 	C:\Windows\system32\NSI.dll
0x000007fefb290000 - 0x000007fefb2cb000 	C:\Windows\system32\WINMM.dll
0x0000000077a00000 - 0x0000000077a07000 	C:\Windows\system32\PSAPI.DLL
0x0000000069e90000 - 0x0000000069e9f000 	D:\Java\jdk1.8.0_131\jre\bin\verify.dll
0x0000000069e60000 - 0x0000000069e89000 	D:\Java\jdk1.8.0_131\jre\bin\java.dll
0x0000000069e40000 - 0x0000000069e56000 	D:\Java\jdk1.8.0_131\jre\bin\zip.dll
0x000007fefe060000 - 0x000007fefede9000 	C:\Windows\system32\SHELL32.dll
0x000007fefefd0000 - 0x000007feff1d3000 	C:\Windows\system32\ole32.dll
0x000007fefdc90000 - 0x000007fefdc9f000 	C:\Windows\system32\profapi.dll
0x0000000069a50000 - 0x0000000069a6a000 	D:\Java\jdk1.8.0_131\jre\bin\net.dll
0x000007fefd450000 - 0x000007fefd4a5000 	C:\Windows\system32\mswsock.dll
0x000007fefd440000 - 0x000007fefd447000 	C:\Windows\System32\wship6.dll
0x000007fefb8a0000 - 0x000007fefb8c7000 	C:\Windows\system32\IPHLPAPI.DLL
0x000007fefb890000 - 0x000007fefb89b000 	C:\Windows\system32\WINNSI.DLL
0x000007fefb0e0000 - 0x000007fefb0f8000 	C:\Windows\system32\dhcpcsvc.DLL
0x000007fefb0c0000 - 0x000007fefb0d1000 	C:\Windows\system32\dhcpcsvc6.DLL
0x000007fefd2d0000 - 0x000007fefd32b000 	C:\Windows\system32\DNSAPI.dll
0x000007fefce50000 - 0x000007fefce57000 	C:\Windows\System32\wshtcpip.dll
0x000007fefa450000 - 0x000007fefa458000 	C:\Windows\system32\rasadhlp.dll
0x000007fefb2e0000 - 0x000007fefb333000 	C:\Windows\System32\fwpuclnt.dll
0x000000005ee90000 - 0x000000005ee9d000 	D:\Java\jdk1.8.0_131\jre\bin\management.dll
0x000007fefba30000 - 0x000007fefba45000 	C:\Windows\system32\NLAapi.dll
0x000007fefb140000 - 0x000007fefb155000 	C:\Windows\system32\napinsp.dll
0x000007fefb270000 - 0x000007fefb289000 	C:\Windows\system32\pnrpnsp.dll
0x000007fefafb0000 - 0x000007fefafbb000 	C:\Windows\System32\winrnr.dll
0x0000000069a30000 - 0x0000000069a41000 	D:\Java\jdk1.8.0_131\jre\bin\nio.dll
0x000007fefd4b0000 - 0x000007fefd4c7000 	C:\Windows\system32\CRYPTSP.dll
0x000007fefd1b0000 - 0x000007fefd1f7000 	C:\Windows\system32\rsaenh.dll
0x000007fefcf90000 - 0x000007fefcfae000 	C:\Windows\system32\USERENV.dll
0x000007fefdb30000 - 0x000007fefdb3f000 	C:\Windows\system32\CRYPTBASE.dll
0x0000000069880000 - 0x00000000698a4000 	D:\Java\jdk1.8.0_131\jre\bin\sunec.dll

VM Arguments:
jvm_args: -Dfile.encoding=UTF-8 
java_command: com.cwh.user.UserApplication
java_class_path (initial): E:\github\springcloud-tools\user_service\target\classes;D:\repository\org\springframework\boot\spring-boot-starter-web\2.1.0.RELEASE\spring-boot-starter-web-2.1.0.RELEASE.jar;D:\repository\org\springframework\boot\spring-boot-starter\2.1.0.RELEASE\spring-boot-starter-2.1.0.RELEASE.jar;D:\repository\org\springframework\boot\spring-boot\2.1.0.RELEASE\spring-boot-2.1.0.RELEASE.jar;D:\repository\org\springframework\boot\spring-boot-autoconfigure\2.1.0.RELEASE\spring-boot-autoconfigure-2.1.0.RELEASE.jar;D:\repository\org\springframework\boot\spring-boot-starter-logging\2.1.0.RELEASE\spring-boot-starter-logging-2.1.0.RELEASE.jar;D:\repository\ch\qos\logback\logback-classic\1.2.3\logback-classic-1.2.3.jar;D:\repository\ch\qos\logback\logback-core\1.2.3\logback-core-1.2.3.jar;D:\repository\org\apache\logging\log4j\log4j-to-slf4j\2.11.1\log4j-to-slf4j-2.11.1.jar;D:\repository\org\apache\logging\log4j\log4j-api\2.11.1\log4j-api-2.11.1.jar;D:\repository\org\slf4j\jul-to-slf4j\1.7.25\jul-to-slf4j-1.7.25.jar;D:\repository\javax\annotation\javax.annotation-api\1.3.2\javax.annotation-api-1.3.2.jar;D:\repository\org\yaml\snakeyaml\1.23\snakeyaml-1.23.jar;D:\repository\org\springframework\boot\spring-boot-starter-json\2.1.0.RELEASE\spring-boot-starter-json-2.1.0.RELEASE.jar;D:\repository\com\fasterxml\jackson\core\jackson-databind\2.9.7\jackson-databind-2.9.7.jar;D:\repository\com\fasterxml\jackson\datatype\jackson-datatype-jdk8\2.9.7\jackson-datatype-jdk8-2.9.7.jar;D:\repository\com\fasterxml\jackson\datatype\jackson-datatype-jsr310\2.9.7\jackson-datatype-jsr310-2.9.7.jar;D:\repository\com\fasterxml\jackson\module\jackson-module-parameter-names\2.9.7\jackson-module-parameter-names-2.9.7.jar;D:\repository\org\springframework\boot\spring-boot-starter-tomcat\2.1.0.RELEASE\spring-boot-starter-tomcat-2.1.0.RELEASE.jar;D:\repository\org\apache\tomcat\embed\tomcat-embed-core\9.0.12\tomcat-embed-core-9.0.12.jar;D:\repository\org\apache\tomcat\embed\tomcat-embed
Launcher Type: SUN_STANDARD

Environment Variables:
JAVA_HOME=D:\Java\jdk1.8.0_131
CLASSPATH=.;D:\Java\jdk1.8.0_131\lib\rt.jar;D:\Java\jdk1.8.0_131\lib\tools.jar
PATH=D:/Java/jdk1.8.0_131/jre/bin/server;D:/Java/jdk1.8.0_131/jre/bin;D:/Java/jdk1.8.0_131/jre/lib/amd64;C:\Windows\system32;C:\Windows;C:\Windows\System32\Wbem;C:\Windows\System32\WindowsPowerShell\v1.0\;d:\Program Files (x86)\Git\cmd;D:\Java\jdk1.8.0_131\bin;;D:\software\eclipse-jee-2019-03-R-win32-x86_64\eclipse;
USERNAME=Administrator
OS=Windows_NT
PROCESSOR_IDENTIFIER=Intel64 Family 6 Model 58 Stepping 9, GenuineIntel



---------------  S Y S T E M  ---------------

OS: Windows 7 , 64 bit Build 7601 (6.1.7601.23543)

CPU:total 4 (initial active 4) (2 cores per cpu, 2 threads per core) family 6 model 58 stepping 9, cmov, cx8, fxsr, mmx, sse, sse2, sse3, ssse3, sse4.1, sse4.2, popcnt, avx, aes, clmul, erms, ht, tsc, tscinvbit, tscinv

Memory: 4k page, physical 1931628k(113100k free), swap 7726512k(5124k free)

vm_info: Java HotSpot(TM) 64-Bit Server VM (25.131-b11) for windows-amd64 JRE (1.8.0_131-b11), built on Mar 15 2017 01:23:53 by "java_re" with MS VC++ 10.0 (VS2010)

time: Sat Nov 16 11:55:08 2019
elapsed time: 141 seconds (0d 0h 2m 21s)

