JvmtiExport can_access_local_variables 0
JvmtiExport can_hotswap_or_post_breakpoint 0
JvmtiExport can_post_on_exceptions 0
# 668 ciObject found
instanceKlass io/netty/channel/ChannelHandler$Sharable
instanceKlass io/netty/buffer/ByteBufUtil$2
instanceKlass io/netty/buffer/PooledByteBufAllocatorMetric
instanceKlass com/mysql/cj/conf/ConnectionUrl
instanceKlass com/alibaba/druid/proxy/jdbc/ResultSetProxy
instanceKlass io/netty/buffer/PoolChunkList
instanceKlass io/netty/buffer/PoolChunkListMetric
instanceKlass java/sql/ResultSetMetaData
instanceKlass io/netty/buffer/PoolSubpage
instanceKlass io/netty/buffer/PoolSubpageMetric
instanceKlass com/alibaba/druid/proxy/jdbc/CallableStatementProxy
instanceKlass java/util/concurrent/atomic/Striped64$Cell
instanceKlass com/alibaba/druid/proxy/jdbc/PreparedStatementProxy
instanceKlass com/alibaba/druid/proxy/jdbc/ConnectionProxy
instanceKlass io/netty/buffer/PoolArena
instanceKlass io/netty/buffer/PoolArenaMetric
instanceKlass com/alibaba/druid/proxy/jdbc/NClobProxy
instanceKlass com/alibaba/druid/proxy/jdbc/ClobProxy
instanceKlass io/netty/buffer/ByteBufAllocatorMetric
instanceKlass com/alibaba/druid/filter/FilterChainImpl
instanceKlass com/alibaba/druid/filter/FilterChain
instanceKlass com/mysql/cj/jdbc/result/ResultSetInternalMethods
instanceKlass com/mysql/cj/protocol/Resultset
instanceKlass io/netty/buffer/AbstractByteBufAllocator
instanceKlass com/mysql/cj/protocol/ResultsetRowsOwner
instanceKlass io/netty/buffer/ByteBufAllocatorMetricProvider
instanceKlass io/netty/util/CharsetUtil
instanceKlass com/mysql/cj/jdbc/ClientInfoProvider
instanceKlass java/sql/Struct
instanceKlass java/sql/Array
instanceKlass com/mysql/cj/ServerVersion
instanceKlass com/mysql/cj/CoreSession
instanceKlass io/netty/util/ByteProcessor
instanceKlass io/netty/buffer/ByteBufUtil
instanceKlass io/netty/channel/RecvByteBufAllocator$Handle
instanceKlass com/mysql/cj/conf/HostInfo
instanceKlass com/mysql/cj/conf/DatabaseUrlContainer
instanceKlass io/netty/channel/DefaultMaxMessagesRecvByteBufAllocator
instanceKlass io/netty/channel/MaxMessagesRecvByteBufAllocator
instanceKlass io/netty/channel/WriteBufferWaterMark
instanceKlass io/netty/buffer/ByteBufAllocator
instanceKlass io/netty/channel/DefaultMessageSizeEstimator$HandleImpl
instanceKlass io/netty/channel/DefaultMessageSizeEstimator
instanceKlass io/netty/channel/MessageSizeEstimator
instanceKlass io/netty/channel/RecvByteBufAllocator
instanceKlass io/netty/channel/DefaultChannelConfig
instanceKlass io/netty/channel/nio/AbstractNioByteChannel$1
instanceKlass io/netty/channel/nio/AbstractNioChannel$1
instanceKlass com/mysql/cj/log/StandardLogger
instanceKlass com/mysql/cj/log/Log
instanceKlass com/mysql/cj/jdbc/result/CachedResultSetMetaData
instanceKlass com/mysql/cj/protocol/ColumnDefinition
instanceKlass com/mysql/cj/protocol/ProtocolEntity
instanceKlass io/netty/channel/SingleThreadEventLoop$NonWakeupRunnable
instanceKlass io/netty/channel/AbstractChannelHandlerContext$AbstractWriteTask
instanceKlass io/netty/channel/VoidChannelPromise$1
instanceKlass io/netty/channel/MessageSizeEstimator$Handle
instanceKlass io/netty/channel/DefaultChannelPipeline$PendingHandlerCallback
instanceKlass java/sql/Savepoint
instanceKlass io/netty/channel/ChannelProgressivePromise
instanceKlass io/netty/channel/ChannelProgressiveFuture
instanceKlass io/netty/util/ResourceLeakHint
instanceKlass io/netty/channel/ChannelHandlerContext
instanceKlass com/mysql/cj/jdbc/StatementImpl
instanceKlass io/netty/channel/DefaultChannelPipeline
instanceKlass io/netty/channel/ChannelOutboundBuffer$Entry
instanceKlass io/netty/util/internal/UnpaddedInternalThreadLocalMap
instanceKlass com/mysql/cj/jdbc/JdbcPreparedStatement
instanceKlass io/netty/util/concurrent/FastThreadLocal
instanceKlass io/netty/channel/ChannelOutboundBuffer
instanceKlass com/mysql/cj/jdbc/JdbcStatement
instanceKlass com/mysql/cj/Query
instanceKlass io/netty/util/internal/SocketUtils$13
instanceKlass java/sql/CallableStatement
instanceKlass java/sql/PreparedStatement
instanceKlass com/mysql/cj/Session
instanceKlass com/mysql/cj/protocol/ProtocolEntityFactory
instanceKlass com/mysql/cj/jdbc/IterateBlock
instanceKlass java/sql/DatabaseMetaData
instanceKlass com/mysql/cj/exceptions/ExceptionInterceptor
instanceKlass com/mysql/cj/jdbc/JdbcPropertySet
instanceKlass com/mysql/cj/conf/PropertySet
